Using pre-set license
Built from '2020.3/release' branch; Version is '2020.3.1f1 (77a89f25062f) revision 7841951'; Using compiler version '192528614'; Build Type 'Release'
OS: 'Windows 10 Home; OS build 19042.804; Version 2009; 64bit' Language: 'pl' Physical Memory: 16323 MB
BatchMode: 1, IsHumanControllingUs: 0, StartBugReporterOnCrash: 0, Is64bit: 1, IsPro: 0

 COMMAND LINE ARGUMENTS:
C:\Program Files\Unity\Hub\Editor\2020.3.1f1\Editor\Unity.exe
-adb2
-batchMode
-noUpm
-name
AssetImportWorker0
-projectPath
C:/Users/Deamonette/Unity/LisekSkacze
-logFile
Logs/AssetImportWorker0.log
-srvPort
51058
Successfully changed project path to: C:/Users/Deamonette/Unity/LisekSkacze
C:/Users/Deamonette/Unity/LisekSkacze
Using Asset Import Pipeline V2.
Refreshing native plugins compatible for Editor in 42.59 ms, found 1 plugins.
Preloading 0 native plugins for Editor in 0.00 ms.
Initialize engine version: 2020.3.1f1 (77a89f25062f)
[Subsystems] Discovering subsystems at path C:/Program Files/Unity/Hub/Editor/2020.3.1f1/Editor/Data/Resources/UnitySubsystems
[Subsystems] Discovering subsystems at path C:/Users/Deamonette/Unity/LisekSkacze/Assets
GfxDevice: creating device client; threaded=0
Direct3D:
    Version:  Direct3D 11.0 [level 11.0]
    Renderer: AMD Radeon HD 6900 Series (ID=0x6718)
    Vendor:   
    VRAM:     4064 MB
    Driver:   15.301.1901.0
Initialize mono
Mono path[0] = 'C:/Program Files/Unity/Hub/Editor/2020.3.1f1/Editor/Data/Managed'
Mono path[1] = 'C:/Program Files/Unity/Hub/Editor/2020.3.1f1/Editor/Data/MonoBleedingEdge/lib/mono/unityjit'
Mono config path = 'C:/Program Files/Unity/Hub/Editor/2020.3.1f1/Editor/Data/MonoBleedingEdge/etc'
Using monoOptions --debugger-agent=transport=dt_socket,embedding=1,server=y,suspend=n,address=127.0.0.1:56848
Begin MonoManager ReloadAssembly
Registering precompiled unity dll's ...
Register platform support module: C:/Program Files/Unity/Hub/Editor/2020.3.1f1/Editor/Data/PlaybackEngines/WebGLSupport/UnityEditor.WebGL.Extensions.dll
Register platform support module: C:/Program Files/Unity/Hub/Editor/2020.3.1f1/Editor/Data/PlaybackEngines/WindowsStandaloneSupport/UnityEditor.WindowsStandalone.Extensions.dll
Registered in 0.004109 seconds.
Native extension for WindowsStandalone target not found
Native extension for WebGL target not found
Refreshing native plugins compatible for Editor in 42.24 ms, found 1 plugins.
Preloading 0 native plugins for Editor in 0.00 ms.
Invoked RoslynAnalysisRunner static constructor.
RoslynAnalysisRunner will not be running.
RoslynAnalysisRunner has terminated.
Mono: successfully reloaded assembly
- Completed reload, in  1.555 seconds
Platform modules already initialized, skipping
Registering precompiled user dll's ...
Registered in 0.001581 seconds.
Begin MonoManager ReloadAssembly
Native extension for WindowsStandalone target not found
Native extension for WebGL target not found
Refreshing native plugins compatible for Editor in 41.90 ms, found 1 plugins.
Preloading 0 native plugins for Editor in 0.00 ms.
Invoked RoslynAnalysisRunner static constructor.
RoslynAnalysisRunner will not be running.
RoslynAnalysisRunner has terminated.
Mono: successfully reloaded assembly
- Completed reload, in  1.377 seconds
Platform modules already initialized, skipping
========================================================================
Worker process is ready to serve import requests
Launched and connected shader compiler UnityShaderCompiler.exe after 0.05 seconds
Refreshing native plugins compatible for Editor in 0.39 ms, found 1 plugins.
Preloading 0 native plugins for Editor in 0.00 ms.
Unloading 1807 Unused Serialized files (Serialized files now loaded: 0)
System memory in use before: 84.6 MB.
System memory in use after: 84.5 MB.

Unloading 24 unused Assets to reduce memory usage. Loaded Objects now: 2249.
Total: 2.524832 ms (FindLiveObjects: 0.159098 ms CreateObjectMapping: 0.070749 ms MarkObjects: 2.125270 ms  DeleteObjects: 0.163289 ms)

========================================================================
Received Import Request.
  path: ProjectSettings/TagManager.asset
  artifactKey: Guid(00000000000000003000000000000000) Importer(815301076,1909f56bfc062723c751e8b465ee728b)
Start importing ProjectSettings/TagManager.asset using Guid(00000000000000003000000000000000) Importer(815301076,1909f56bfc062723c751e8b465ee728b)  -> (artifact id: 'cb04e4f6a3047acfde516eab7b11db9f') in 0.042296 seconds
  Import took 0.045648 seconds .

========================================================================
Received Prepare
Refreshing native plugins compatible for Editor in 2.23 ms, found 1 plugins.
Preloading 0 native plugins for Editor in 0.00 ms.
Unloading 10 Unused Serialized files (Serialized files now loaded: 0)
System memory in use before: 48.9 MB.
System memory in use after: 48.9 MB.

Unloading 11 unused Assets to reduce memory usage. Loaded Objects now: 2249.
Total: 2.716826 ms (FindLiveObjects: 0.445029 ms CreateObjectMapping: 0.089467 ms MarkObjects: 2.047816 ms  DeleteObjects: 0.128089 ms)

========================================================================
Received Import Request.
  Time since last request: 127.647884 seconds.
  path: Assets/Sunnyland/Scenes/demoSettings.lighting
  artifactKey: Guid(d561843a34827a448930831e96fca9bf) Importer(815301076,1909f56bfc062723c751e8b465ee728b)
Start importing Assets/Sunnyland/Scenes/demoSettings.lighting using Guid(d561843a34827a448930831e96fca9bf) Importer(815301076,1909f56bfc062723c751e8b465ee728b) LightingSettings: switching bake backend from 1 to 0.
 -> (artifact id: 'de6382fadd863d8215412e8977a79e48') in 0.005097 seconds
  Import took 0.008411 seconds .

========================================================================
Received Import Request.
  Time since last request: 0.017145 seconds.
  path: Assets/Sunnyland/Scenes/demoSettings.lighting
  artifactKey: Guid(d561843a34827a448930831e96fca9bf) Importer(815301076,1909f56bfc062723c751e8b465ee728b)
Start importing Assets/Sunnyland/Scenes/demoSettings.lighting using Guid(d561843a34827a448930831e96fca9bf) Importer(815301076,1909f56bfc062723c751e8b465ee728b) LightingSettings: switching bake backend from 1 to 0.
 -> (artifact id: 'de6382fadd863d8215412e8977a79e48') in 0.002999 seconds
  Import took 0.006277 seconds .

========================================================================
Received Prepare
Registering precompiled user dll's ...
Registered in 0.001414 seconds.
Begin MonoManager ReloadAssembly
Native extension for WindowsStandalone target not found
Native extension for WebGL target not found
Refreshing native plugins compatible for Editor in 0.42 ms, found 1 plugins.
Preloading 0 native plugins for Editor in 0.00 ms.
Invoked RoslynAnalysisRunner static constructor.
RoslynAnalysisRunner will not be running.
RoslynAnalysisRunner has terminated.
Mono: successfully reloaded assembly
- Completed reload, in  1.214 seconds
Platform modules already initialized, skipping
Refreshing native plugins compatible for Editor in 0.36 ms, found 1 plugins.
Preloading 0 native plugins for Editor in 0.00 ms.
Unloading 1802 Unused Serialized files (Serialized files now loaded: 0)
System memory in use before: 84.5 MB.
System memory in use after: 84.5 MB.

Unloading 12 unused Assets to reduce memory usage. Loaded Objects now: 2253.
Total: 2.222489 ms (FindLiveObjects: 0.298432 ms CreateObjectMapping: 0.106648 ms MarkObjects: 1.663689 ms  DeleteObjects: 0.145898 ms)

========================================================================
Received Import Request.
  Time since last request: 215.035659 seconds.
  path: Assets/Sunnyland/artwork/Environment/tileset-sliced.png
  artifactKey: Guid(261212b977f594d5dbc48631a5c1295c) Importer(815301076,1909f56bfc062723c751e8b465ee728b)
Start importing Assets/Sunnyland/artwork/Environment/tileset-sliced.png using Guid(261212b977f594d5dbc48631a5c1295c) Importer(815301076,1909f56bfc062723c751e8b465ee728b)  -> (artifact id: '2884ba590c9130c4dd23cfa178e41548') in 0.409327 seconds
  Import took 0.414282 seconds .

========================================================================
Received Import Request.
  Time since last request: 14.409723 seconds.
  path: Assets/Sunnyland/artwork/Environment/tileset-sliced.png
  artifactKey: Guid(261212b977f594d5dbc48631a5c1295c) Importer(815301076,1909f56bfc062723c751e8b465ee728b)
Start importing Assets/Sunnyland/artwork/Environment/tileset-sliced.png using Guid(261212b977f594d5dbc48631a5c1295c) Importer(815301076,1909f56bfc062723c751e8b465ee728b)  -> (artifact id: '99ee3de397800377a39677fde160ba49') in 0.239399 seconds
  Import took 0.243910 seconds .

========================================================================
Received Import Request.
  Time since last request: 15.985749 seconds.
  path: Assets/Sunnyland/artwork/Environment/tileset-sliced.png
  artifactKey: Guid(261212b977f594d5dbc48631a5c1295c) Importer(815301076,1909f56bfc062723c751e8b465ee728b)
Start importing Assets/Sunnyland/artwork/Environment/tileset-sliced.png using Guid(261212b977f594d5dbc48631a5c1295c) Importer(815301076,1909f56bfc062723c751e8b465ee728b)  -> (artifact id: '52e27b34835465935bf28dc5fa54a45d') in 0.242616 seconds
  Import took 0.246694 seconds .

========================================================================
Received Import Request.
  Time since last request: 58.751045 seconds.
  path: Assets/Sunnyland/artwork/Environment/tileset-sliced.png
  artifactKey: Guid(261212b977f594d5dbc48631a5c1295c) Importer(815301076,1909f56bfc062723c751e8b465ee728b)
Start importing Assets/Sunnyland/artwork/Environment/tileset-sliced.png using Guid(261212b977f594d5dbc48631a5c1295c) Importer(815301076,1909f56bfc062723c751e8b465ee728b)  -> (artifact id: '46690f589c792ad8e52d2ad481f6e850') in 0.276405 seconds
  Import took 0.280578 seconds .

========================================================================
Received Import Request.
  Time since last request: 14.070448 seconds.
  path: Assets/Sunnyland/artwork/Environment/tileset-sliced.png
  artifactKey: Guid(261212b977f594d5dbc48631a5c1295c) Importer(815301076,1909f56bfc062723c751e8b465ee728b)
Start importing Assets/Sunnyland/artwork/Environment/tileset-sliced.png using Guid(261212b977f594d5dbc48631a5c1295c) Importer(815301076,1909f56bfc062723c751e8b465ee728b)  -> (artifact id: '8a0e00a8155144cd30b2d7564248534d') in 0.261439 seconds
  Import took 0.265654 seconds .

========================================================================
Received Import Request.
  Time since last request: 406.912433 seconds.
  path: Assets/Sunnyland/artwork/Environment/New Palette.prefab
  artifactKey: Guid(3b8a4f015fa0ec24fb281ca058fe3de6) Importer(815301076,1909f56bfc062723c751e8b465ee728b)
Start importing Assets/Sunnyland/artwork/Environment/New Palette.prefab using Guid(3b8a4f015fa0ec24fb281ca058fe3de6) Importer(815301076,1909f56bfc062723c751e8b465ee728b)  -> (artifact id: '266038138e1460243fe06465523fc3e2') in 0.017257 seconds
  Import took 0.022917 seconds .

========================================================================
Received Import Request.
  Time since last request: 189.642895 seconds.
  path: Assets/Sunnyland/artwork/Environment/New Palette.prefab
  artifactKey: Guid(3b8a4f015fa0ec24fb281ca058fe3de6) Importer(815301076,1909f56bfc062723c751e8b465ee728b)
Start importing Assets/Sunnyland/artwork/Environment/New Palette.prefab using Guid(3b8a4f015fa0ec24fb281ca058fe3de6) Importer(815301076,1909f56bfc062723c751e8b465ee728b)  -> (artifact id: '571f489217c96a63e34ea36982a966e7') in 0.006470 seconds
  Import took 0.010826 seconds .

========================================================================
Received Prepare
Registering precompiled user dll's ...
Registered in 0.001404 seconds.
Begin MonoManager ReloadAssembly
Native extension for WindowsStandalone target not found
Native extension for WebGL target not found
Refreshing native plugins compatible for Editor in 0.89 ms, found 1 plugins.
Preloading 0 native plugins for Editor in 0.00 ms.
Invoked RoslynAnalysisRunner static constructor.
RoslynAnalysisRunner will not be running.
RoslynAnalysisRunner has terminated.
Mono: successfully reloaded assembly
- Completed reload, in  1.268 seconds
Platform modules already initialized, skipping
Refreshing native plugins compatible for Editor in 0.39 ms, found 1 plugins.
Preloading 0 native plugins for Editor in 0.00 ms.
Unloading 1802 Unused Serialized files (Serialized files now loaded: 0)
System memory in use before: 88.0 MB.
System memory in use after: 88.0 MB.

Unloading 12 unused Assets to reduce memory usage. Loaded Objects now: 2264.
Total: 2.013664 ms (FindLiveObjects: 0.169016 ms CreateObjectMapping: 0.067117 ms MarkObjects: 1.648603 ms  DeleteObjects: 0.122990 ms)

========================================================================
Received Import Request.
  Time since last request: 358.568005 seconds.
  path: ProjectSettings/TagManager.asset
  artifactKey: Guid(00000000000000003000000000000000) Importer(815301076,1909f56bfc062723c751e8b465ee728b)
Start importing ProjectSettings/TagManager.asset using Guid(00000000000000003000000000000000) Importer(815301076,1909f56bfc062723c751e8b465ee728b)  -> (artifact id: 'f2453a9d95fdf684d10219fe32cbdbf8') in 0.015531 seconds
  Import took 0.019032 seconds .

========================================================================
Received Import Request.
  Time since last request: 279.107911 seconds.
  path: Assets/Sunnyland/artwork/Sprites/Enemies
  artifactKey: Guid(c7f1351336fe548caa5323a57a6c930a) Importer(815301076,1909f56bfc062723c751e8b465ee728b)
Start importing Assets/Sunnyland/artwork/Sprites/Enemies using Guid(c7f1351336fe548caa5323a57a6c930a) Importer(815301076,1909f56bfc062723c751e8b465ee728b)  -> (artifact id: 'b31afff7f787d00ac3da33fea76c2f5e') in 0.002991 seconds
  Import took 0.006545 seconds .

========================================================================
Received Import Request.
  Time since last request: 6.071865 seconds.
  path: Assets/Sunnyland/artwork/Sprites/player/climb
  artifactKey: Guid(dc73f951b664d4f40a2fcda33eea4adb) Importer(815301076,1909f56bfc062723c751e8b465ee728b)
Start importing Assets/Sunnyland/artwork/Sprites/player/climb using Guid(dc73f951b664d4f40a2fcda33eea4adb) Importer(815301076,1909f56bfc062723c751e8b465ee728b)  -> (artifact id: '4601150e2633ef6c20733868e0511a90') in 0.002578 seconds
  Import took 0.005840 seconds .

========================================================================
Received Import Request.
  Time since last request: 0.075171 seconds.
  path: Assets/Sunnyland/artwork/Sprites/player/climb/player-climb-1.png
  artifactKey: Guid(be30195fa34cc45258a6ab7011cb297b) Importer(815301076,1909f56bfc062723c751e8b465ee728b)
Start importing Assets/Sunnyland/artwork/Sprites/player/climb/player-climb-1.png using Guid(be30195fa34cc45258a6ab7011cb297b) Importer(815301076,1909f56bfc062723c751e8b465ee728b)  -> (artifact id: '59821798ba7ed68aff5a4f8aada96c66') in 0.080309 seconds
  Import took 0.084132 seconds .

========================================================================
Received Import Request.
  Time since last request: 0.000247 seconds.
  path: Assets/Sunnyland/artwork/Sprites/player/climb/player-climb-3.png
  artifactKey: Guid(eb5b673fa31e44bc9b15d686c24009da) Importer(815301076,1909f56bfc062723c751e8b465ee728b)
Start importing Assets/Sunnyland/artwork/Sprites/player/climb/player-climb-3.png using Guid(eb5b673fa31e44bc9b15d686c24009da) Importer(815301076,1909f56bfc062723c751e8b465ee728b)  -> (artifact id: '5ffaa4ea26bab7861442a76ccf45a24c') in 0.009456 seconds
  Import took 0.012545 seconds .

========================================================================
Received Import Request.
  Time since last request: 0.000292 seconds.
  path: Assets/Sunnyland/artwork/Sprites/player/climb/player-climb-2.png
  artifactKey: Guid(94cffd9e5ecd3497c9831ffe8ae1605c) Importer(815301076,1909f56bfc062723c751e8b465ee728b)
Start importing Assets/Sunnyland/artwork/Sprites/player/climb/player-climb-2.png using Guid(94cffd9e5ecd3497c9831ffe8ae1605c) Importer(815301076,1909f56bfc062723c751e8b465ee728b)  -> (artifact id: '74caaf3a676071c627f9839c27113d8d') in 0.013810 seconds
  Import took 0.017231 seconds .

========================================================================
Received Import Request.
  Time since last request: 4.188391 seconds.
  path: Assets/Sunnyland/artwork/Sprites/player/hurt/player-hurt-1.png
  artifactKey: Guid(c123c318507c6405a869f2f89068cf06) Importer(815301076,1909f56bfc062723c751e8b465ee728b)
Start importing Assets/Sunnyland/artwork/Sprites/player/hurt/player-hurt-1.png using Guid(c123c318507c6405a869f2f89068cf06) Importer(815301076,1909f56bfc062723c751e8b465ee728b)  -> (artifact id: '9571a4bf3158faacad21b96a45459e18') in 0.010985 seconds
  Import took 0.015633 seconds .

========================================================================
Received Import Request.
  Time since last request: 0.000273 seconds.
  path: Assets/Sunnyland/artwork/Sprites/player/hurt/player-hurt-2.png
  artifactKey: Guid(a85f3724632254a6cb24066dc54cbf60) Importer(815301076,1909f56bfc062723c751e8b465ee728b)
Start importing Assets/Sunnyland/artwork/Sprites/player/hurt/player-hurt-2.png using Guid(a85f3724632254a6cb24066dc54cbf60) Importer(815301076,1909f56bfc062723c751e8b465ee728b)  -> (artifact id: 'b9f7bc7ca39d086cca72146bc7eea621') in 0.009891 seconds
  Import took 0.012907 seconds .

========================================================================
Received Import Request.
  Time since last request: 2.726573 seconds.
  path: Assets/Sunnyland/artwork/Sprites/player/idle/player-idle-1.png
  artifactKey: Guid(72de0c64f2c6a498096698322c976a67) Importer(815301076,1909f56bfc062723c751e8b465ee728b)
Start importing Assets/Sunnyland/artwork/Sprites/player/idle/player-idle-1.png using Guid(72de0c64f2c6a498096698322c976a67) Importer(815301076,1909f56bfc062723c751e8b465ee728b)  -> (artifact id: 'ded9dc688f96e3d7d4e69e4a2948d11f') in 0.011150 seconds
  Import took 0.015077 seconds .

========================================================================
Received Import Request.
  Time since last request: 0.000252 seconds.
  path: Assets/Sunnyland/artwork/Sprites/player/idle/player-idle-4.png
  artifactKey: Guid(8bc3c2c2a565342aab778fd8e874313a) Importer(815301076,1909f56bfc062723c751e8b465ee728b)
Start importing Assets/Sunnyland/artwork/Sprites/player/idle/player-idle-4.png using Guid(8bc3c2c2a565342aab778fd8e874313a) Importer(815301076,1909f56bfc062723c751e8b465ee728b)  -> (artifact id: '72ce9266e35f896bff2bac992b01474c') in 0.010228 seconds
  Import took 0.013799 seconds .

========================================================================
Received Import Request.
  Time since last request: 0.000265 seconds.
  path: Assets/Sunnyland/artwork/Sprites/player/idle/player-idle-3.png
  artifactKey: Guid(077f0469c420a4365bc67943783293df) Importer(815301076,1909f56bfc062723c751e8b465ee728b)
Start importing Assets/Sunnyland/artwork/Sprites/player/idle/player-idle-3.png using Guid(077f0469c420a4365bc67943783293df) Importer(815301076,1909f56bfc062723c751e8b465ee728b)  -> (artifact id: 'de2a67471bfe071861b59170a52a9e8b') in 0.010104 seconds
  Import took 0.013740 seconds .

========================================================================
Received Import Request.
  Time since last request: 0.000227 seconds.
  path: Assets/Sunnyland/artwork/Sprites/player/idle/player-idle-2.png
  artifactKey: Guid(c8a742c1f2ebb43b9afe34a47304c051) Importer(815301076,1909f56bfc062723c751e8b465ee728b)
Start importing Assets/Sunnyland/artwork/Sprites/player/idle/player-idle-2.png using Guid(c8a742c1f2ebb43b9afe34a47304c051) Importer(815301076,1909f56bfc062723c751e8b465ee728b)  -> (artifact id: '6b0fb82f53fc5af2f56225b1accdec30') in 0.012511 seconds
  Import took 0.017467 seconds .

========================================================================
Received Import Request.
  Time since last request: 90.166807 seconds.
  path: Assets/Sunnyland/artwork/Sprites/Enemies/eagle
  artifactKey: Guid(b38ec059928884139a1fc35d6fb8bb08) Importer(815301076,1909f56bfc062723c751e8b465ee728b)
Start importing Assets/Sunnyland/artwork/Sprites/Enemies/eagle using Guid(b38ec059928884139a1fc35d6fb8bb08) Importer(815301076,1909f56bfc062723c751e8b465ee728b)  -> (artifact id: '180da86332d141f4740dfce536d4120d') in 0.002669 seconds
  Import took 0.006467 seconds .

========================================================================
Received Import Request.
  Time since last request: 0.450007 seconds.
  path: Assets/Sunnyland/artwork/Sprites/Enemies/frog
  artifactKey: Guid(146e5c72b642042a7bff0a4312903a62) Importer(815301076,1909f56bfc062723c751e8b465ee728b)
Start importing Assets/Sunnyland/artwork/Sprites/Enemies/frog using Guid(146e5c72b642042a7bff0a4312903a62) Importer(815301076,1909f56bfc062723c751e8b465ee728b)  -> (artifact id: 'f3499bfc626998800adc15a254cb3ff5') in 0.002970 seconds
  Import took 0.006380 seconds .

========================================================================
Received Prepare
Registering precompiled user dll's ...
Registered in 0.001536 seconds.
Begin MonoManager ReloadAssembly
Native extension for WindowsStandalone target not found
Native extension for WebGL target not found
Refreshing native plugins compatible for Editor in 0.39 ms, found 1 plugins.
Preloading 0 native plugins for Editor in 0.00 ms.
Invoked RoslynAnalysisRunner static constructor.
RoslynAnalysisRunner will not be running.
RoslynAnalysisRunner has terminated.
Mono: successfully reloaded assembly
- Completed reload, in  1.360 seconds
Platform modules already initialized, skipping
Refreshing native plugins compatible for Editor in 0.45 ms, found 1 plugins.
Preloading 0 native plugins for Editor in 0.00 ms.
Unloading 1802 Unused Serialized files (Serialized files now loaded: 0)
System memory in use before: 88.0 MB.
System memory in use after: 88.0 MB.

Unloading 13 unused Assets to reduce memory usage. Loaded Objects now: 2271.
Total: 3.023988 ms (FindLiveObjects: 1.058584 ms CreateObjectMapping: 0.090095 ms MarkObjects: 1.725289 ms  DeleteObjects: 0.142337 ms)

========================================================================
Received Prepare
Registering precompiled user dll's ...
Registered in 0.001362 seconds.
Begin MonoManager ReloadAssembly
Native extension for WindowsStandalone target not found
Native extension for WebGL target not found
Refreshing native plugins compatible for Editor in 0.56 ms, found 1 plugins.
Preloading 0 native plugins for Editor in 0.00 ms.
Invoked RoslynAnalysisRunner static constructor.
RoslynAnalysisRunner will not be running.
RoslynAnalysisRunner has terminated.
Mono: successfully reloaded assembly
- Completed reload, in  1.330 seconds
Platform modules already initialized, skipping
Refreshing native plugins compatible for Editor in 0.46 ms, found 1 plugins.
Preloading 0 native plugins for Editor in 0.00 ms.
Unloading 1802 Unused Serialized files (Serialized files now loaded: 0)
System memory in use before: 88.0 MB.
System memory in use after: 88.0 MB.

Unloading 12 unused Assets to reduce memory usage. Loaded Objects now: 2275.
Total: 2.196648 ms (FindLiveObjects: 0.287117 ms CreateObjectMapping: 0.119219 ms MarkObjects: 1.649302 ms  DeleteObjects: 0.133746 ms)

========================================================================
Received Prepare
Registering precompiled user dll's ...
Registered in 0.001340 seconds.
Begin MonoManager ReloadAssembly
Native extension for WindowsStandalone target not found
Native extension for WebGL target not found
Refreshing native plugins compatible for Editor in 0.39 ms, found 1 plugins.
Preloading 0 native plugins for Editor in 0.00 ms.
Invoked RoslynAnalysisRunner static constructor.
RoslynAnalysisRunner will not be running.
RoslynAnalysisRunner has terminated.
Mono: successfully reloaded assembly
- Completed reload, in  1.366 seconds
Platform modules already initialized, skipping
Refreshing native plugins compatible for Editor in 0.38 ms, found 1 plugins.
Preloading 0 native plugins for Editor in 0.00 ms.
Unloading 1802 Unused Serialized files (Serialized files now loaded: 0)
System memory in use before: 88.0 MB.
System memory in use after: 88.0 MB.

Unloading 12 unused Assets to reduce memory usage. Loaded Objects now: 2279.
Total: 2.324248 ms (FindLiveObjects: 0.294591 ms CreateObjectMapping: 0.078921 ms MarkObjects: 1.818388 ms  DeleteObjects: 0.125225 ms)

========================================================================
Received Prepare
Registering precompiled user dll's ...
Registered in 0.002146 seconds.
Begin MonoManager ReloadAssembly
Native extension for WindowsStandalone target not found
Native extension for WebGL target not found
Refreshing native plugins compatible for Editor in 0.41 ms, found 1 plugins.
Preloading 0 native plugins for Editor in 0.00 ms.
Invoked RoslynAnalysisRunner static constructor.
RoslynAnalysisRunner will not be running.
RoslynAnalysisRunner has terminated.
Mono: successfully reloaded assembly
- Completed reload, in  1.329 seconds
Platform modules already initialized, skipping
Refreshing native plugins compatible for Editor in 0.41 ms, found 1 plugins.
Preloading 0 native plugins for Editor in 0.00 ms.
Unloading 1802 Unused Serialized files (Serialized files now loaded: 0)
System memory in use before: 88.0 MB.
System memory in use after: 88.0 MB.

Unloading 12 unused Assets to reduce memory usage. Loaded Objects now: 2283.
Total: 2.073099 ms (FindLiveObjects: 0.176838 ms CreateObjectMapping: 0.064883 ms MarkObjects: 1.697632 ms  DeleteObjects: 0.127390 ms)

========================================================================
Received Prepare
Registering precompiled user dll's ...
Registered in 0.001358 seconds.
Begin MonoManager ReloadAssembly
Native extension for WindowsStandalone target not found
Native extension for WebGL target not found
Refreshing native plugins compatible for Editor in 0.49 ms, found 1 plugins.
Preloading 0 native plugins for Editor in 0.00 ms.
Invoked RoslynAnalysisRunner static constructor.
RoslynAnalysisRunner will not be running.
RoslynAnalysisRunner has terminated.
Mono: successfully reloaded assembly
- Completed reload, in  1.367 seconds
Platform modules already initialized, skipping
Refreshing native plugins compatible for Editor in 0.38 ms, found 1 plugins.
Preloading 0 native plugins for Editor in 0.00 ms.
Unloading 1802 Unused Serialized files (Serialized files now loaded: 0)
System memory in use before: 88.0 MB.
System memory in use after: 88.0 MB.

Unloading 12 unused Assets to reduce memory usage. Loaded Objects now: 2287.
Total: 3.055486 ms (FindLiveObjects: 0.419537 ms CreateObjectMapping: 0.098337 ms MarkObjects: 2.380191 ms  DeleteObjects: 0.148273 ms)

========================================================================
Received Prepare
Registering precompiled user dll's ...
Registered in 0.001292 seconds.
Begin MonoManager ReloadAssembly
Native extension for WindowsStandalone target not found
Native extension for WebGL target not found
Refreshing native plugins compatible for Editor in 0.41 ms, found 1 plugins.
Preloading 0 native plugins for Editor in 0.00 ms.
Invoked RoslynAnalysisRunner static constructor.
RoslynAnalysisRunner will not be running.
RoslynAnalysisRunner has terminated.
Mono: successfully reloaded assembly
- Completed reload, in  1.340 seconds
Platform modules already initialized, skipping
Refreshing native plugins compatible for Editor in 0.47 ms, found 1 plugins.
Preloading 0 native plugins for Editor in 0.00 ms.
Unloading 1802 Unused Serialized files (Serialized files now loaded: 0)
System memory in use before: 88.1 MB.
System memory in use after: 88.0 MB.

Unloading 12 unused Assets to reduce memory usage. Loaded Objects now: 2291.
Total: 4.000858 ms (FindLiveObjects: 0.690032 ms CreateObjectMapping: 0.310654 ms MarkObjects: 2.793581 ms  DeleteObjects: 0.199257 ms)

========================================================================
Received Import Request.
  Time since last request: 769.022909 seconds.
  path: Assets/Scripts/Control.cs
  artifactKey: Guid(a19144ed94ff6134983bf337305b7f38) Importer(815301076,1909f56bfc062723c751e8b465ee728b)
Start importing Assets/Scripts/Control.cs using Guid(a19144ed94ff6134983bf337305b7f38) Importer(815301076,1909f56bfc062723c751e8b465ee728b)  -> (artifact id: '28e6637bfcabe74a0279f90e4281871c') in 0.010613 seconds
  Import took 0.014195 seconds .

========================================================================
Received Prepare
Registering precompiled user dll's ...
Registered in 0.002950 seconds.
Begin MonoManager ReloadAssembly
Native extension for WindowsStandalone target not found
Native extension for WebGL target not found
Refreshing native plugins compatible for Editor in 0.39 ms, found 1 plugins.
Preloading 0 native plugins for Editor in 0.00 ms.
Invoked RoslynAnalysisRunner static constructor.
RoslynAnalysisRunner will not be running.
RoslynAnalysisRunner has terminated.
Mono: successfully reloaded assembly
- Completed reload, in  1.636 seconds
Platform modules already initialized, skipping
Refreshing native plugins compatible for Editor in 0.39 ms, found 1 plugins.
Preloading 0 native plugins for Editor in 0.00 ms.
Unloading 1802 Unused Serialized files (Serialized files now loaded: 0)
System memory in use before: 88.1 MB.
System memory in use after: 88.1 MB.

Unloading 12 unused Assets to reduce memory usage. Loaded Objects now: 2295.
Total: 2.939969 ms (FindLiveObjects: 0.331118 ms CreateObjectMapping: 0.092051 ms MarkObjects: 2.360984 ms  DeleteObjects: 0.148483 ms)

========================================================================
Received Prepare
Registering precompiled user dll's ...
Registered in 0.001413 seconds.
Begin MonoManager ReloadAssembly
Native extension for WindowsStandalone target not found
Native extension for WebGL target not found
Refreshing native plugins compatible for Editor in 0.39 ms, found 1 plugins.
Preloading 0 native plugins for Editor in 0.00 ms.
Invoked RoslynAnalysisRunner static constructor.
RoslynAnalysisRunner will not be running.
RoslynAnalysisRunner has terminated.
Mono: successfully reloaded assembly
- Completed reload, in  1.359 seconds
Platform modules already initialized, skipping
Refreshing native plugins compatible for Editor in 0.42 ms, found 1 plugins.
Preloading 0 native plugins for Editor in 0.00 ms.
Unloading 1802 Unused Serialized files (Serialized files now loaded: 0)
System memory in use before: 88.1 MB.
System memory in use after: 88.1 MB.

Unloading 12 unused Assets to reduce memory usage. Loaded Objects now: 2299.
Total: 2.728350 ms (FindLiveObjects: 0.186476 ms CreateObjectMapping: 0.066279 ms MarkObjects: 2.306299 ms  DeleteObjects: 0.162730 ms)

========================================================================
Received Prepare
Registering precompiled user dll's ...
Registered in 0.001448 seconds.
Begin MonoManager ReloadAssembly
Native extension for WindowsStandalone target not found
Native extension for WebGL target not found
Refreshing native plugins compatible for Editor in 0.43 ms, found 1 plugins.
Preloading 0 native plugins for Editor in 0.00 ms.
Invoked RoslynAnalysisRunner static constructor.
RoslynAnalysisRunner will not be running.
RoslynAnalysisRunner has terminated.
Mono: successfully reloaded assembly
- Completed reload, in  1.784 seconds
Platform modules already initialized, skipping
Refreshing native plugins compatible for Editor in 0.41 ms, found 1 plugins.
Preloading 0 native plugins for Editor in 0.00 ms.
Unloading 1802 Unused Serialized files (Serialized files now loaded: 0)
System memory in use before: 88.1 MB.
System memory in use after: 88.1 MB.

Unloading 12 unused Assets to reduce memory usage. Loaded Objects now: 2303.
Total: 3.243918 ms (FindLiveObjects: 0.229917 ms CreateObjectMapping: 0.095543 ms MarkObjects: 2.613042 ms  DeleteObjects: 0.296825 ms)

========================================================================
Received Prepare
Registering precompiled user dll's ...
Registered in 0.001354 seconds.
Begin MonoManager ReloadAssembly
Native extension for WindowsStandalone target not found
Native extension for WebGL target not found
Refreshing native plugins compatible for Editor in 0.52 ms, found 1 plugins.
Preloading 0 native plugins for Editor in 0.00 ms.
Invoked RoslynAnalysisRunner static constructor.
RoslynAnalysisRunner will not be running.
RoslynAnalysisRunner has terminated.
Mono: successfully reloaded assembly
- Completed reload, in  1.383 seconds
Platform modules already initialized, skipping
Refreshing native plugins compatible for Editor in 0.39 ms, found 1 plugins.
Preloading 0 native plugins for Editor in 0.00 ms.
Unloading 1802 Unused Serialized files (Serialized files now loaded: 0)
System memory in use before: 88.1 MB.
System memory in use after: 88.1 MB.

Unloading 12 unused Assets to reduce memory usage. Loaded Objects now: 2307.
Total: 2.720737 ms (FindLiveObjects: 0.337683 ms CreateObjectMapping: 0.085137 ms MarkObjects: 2.151111 ms  DeleteObjects: 0.139543 ms)

========================================================================
Received Prepare
Registering precompiled user dll's ...
Registered in 0.002135 seconds.
Begin MonoManager ReloadAssembly
Native extension for WindowsStandalone target not found
Native extension for WebGL target not found
Refreshing native plugins compatible for Editor in 0.57 ms, found 1 plugins.
Preloading 0 native plugins for Editor in 0.00 ms.
Invoked RoslynAnalysisRunner static constructor.
RoslynAnalysisRunner will not be running.
RoslynAnalysisRunner has terminated.
Mono: successfully reloaded assembly
- Completed reload, in  1.307 seconds
Platform modules already initialized, skipping
Refreshing native plugins compatible for Editor in 0.39 ms, found 1 plugins.
Preloading 0 native plugins for Editor in 0.00 ms.
Unloading 1802 Unused Serialized files (Serialized files now loaded: 0)
System memory in use before: 88.1 MB.
System memory in use after: 88.1 MB.

Unloading 12 unused Assets to reduce memory usage. Loaded Objects now: 2311.
Total: 2.129600 ms (FindLiveObjects: 0.174394 ms CreateObjectMapping: 0.065860 ms MarkObjects: 1.760489 ms  DeleteObjects: 0.121244 ms)

========================================================================
Received Import Request.
  Time since last request: 724.291645 seconds.
  path: Assets/Sunnyland/artwork/Environment/tileset-sliced_1.asset
  artifactKey: Guid(738ad619155da9743a2c6a2df9c00001) Importer(815301076,1909f56bfc062723c751e8b465ee728b)
Start importing Assets/Sunnyland/artwork/Environment/tileset-sliced_1.asset using Guid(738ad619155da9743a2c6a2df9c00001) Importer(815301076,1909f56bfc062723c751e8b465ee728b)  -> (artifact id: '3e8724a80234e3ba1fc001ba3f013529') in 0.066986 seconds
  Import took 0.070761 seconds .

========================================================================
Received Import Request.
  Time since last request: 0.000222 seconds.
  path: Assets/Sunnyland/artwork/Environment/tileset-sliced_4.asset
  artifactKey: Guid(90bd8493c627b4848999263c1fe16b08) Importer(815301076,1909f56bfc062723c751e8b465ee728b)
Start importing Assets/Sunnyland/artwork/Environment/tileset-sliced_4.asset using Guid(90bd8493c627b4848999263c1fe16b08) Importer(815301076,1909f56bfc062723c751e8b465ee728b)  -> (artifact id: '43b2d90a2a69b9c9fab65a659e18d786') in 0.008669 seconds
  Import took 0.011774 seconds .

========================================================================
Received Import Request.
  Time since last request: 0.000236 seconds.
  path: Assets/Sunnyland/artwork/Environment/tileset-sliced_15.asset
  artifactKey: Guid(44378c6e5469d814cb55915ab65eed5c) Importer(815301076,1909f56bfc062723c751e8b465ee728b)
Start importing Assets/Sunnyland/artwork/Environment/tileset-sliced_15.asset using Guid(44378c6e5469d814cb55915ab65eed5c) Importer(815301076,1909f56bfc062723c751e8b465ee728b)  -> (artifact id: '3f9a5c084ab241868955114e15d8c513') in 0.009971 seconds
  Import took 0.013875 seconds .

========================================================================
Received Import Request.
  Time since last request: 0.000336 seconds.
  path: Assets/Sunnyland/artwork/Environment/tileset-sliced_17.asset
  artifactKey: Guid(6cc167ec05ebe7741aedad9c5dbe0877) Importer(815301076,1909f56bfc062723c751e8b465ee728b)
Start importing Assets/Sunnyland/artwork/Environment/tileset-sliced_17.asset using Guid(6cc167ec05ebe7741aedad9c5dbe0877) Importer(815301076,1909f56bfc062723c751e8b465ee728b)  -> (artifact id: '8d6637329621f3b2f5fd29c894c16bd8') in 0.008503 seconds
  Import took 0.013002 seconds .

========================================================================
Received Import Request.
  Time since last request: 0.000354 seconds.
  path: Assets/Sunnyland/artwork/Environment/tileset-sliced_23.asset
  artifactKey: Guid(c238287a6f38b5f4f9e92fad5d04db76) Importer(815301076,1909f56bfc062723c751e8b465ee728b)
Start importing Assets/Sunnyland/artwork/Environment/tileset-sliced_23.asset using Guid(c238287a6f38b5f4f9e92fad5d04db76) Importer(815301076,1909f56bfc062723c751e8b465ee728b)  -> (artifact id: '648787f944eaf74b9839acf3d27140c7') in 0.007732 seconds
  Import took 0.011900 seconds .

========================================================================
Received Import Request.
  Time since last request: 0.000358 seconds.
  path: Assets/Sunnyland/artwork/Environment/tileset-sliced_6.asset
  artifactKey: Guid(8400bac8f781aa54f8aad1d7c65a9a70) Importer(815301076,1909f56bfc062723c751e8b465ee728b)
Start importing Assets/Sunnyland/artwork/Environment/tileset-sliced_6.asset using Guid(8400bac8f781aa54f8aad1d7c65a9a70) Importer(815301076,1909f56bfc062723c751e8b465ee728b)  -> (artifact id: 'b38daf575cf3f5cd2d7e034e6c88c5be') in 0.008064 seconds
  Import took 0.014338 seconds .

========================================================================
Received Import Request.
  Time since last request: 0.000229 seconds.
  path: Assets/Sunnyland/artwork/Environment/tileset-sliced_19.asset
  artifactKey: Guid(592d67d5cd84c944bbbec6777506ad53) Importer(815301076,1909f56bfc062723c751e8b465ee728b)
Start importing Assets/Sunnyland/artwork/Environment/tileset-sliced_19.asset using Guid(592d67d5cd84c944bbbec6777506ad53) Importer(815301076,1909f56bfc062723c751e8b465ee728b)  -> (artifact id: '362003c4aee6f47ea7a201dd3eaaaf5e') in 0.007886 seconds
  Import took 0.011118 seconds .

========================================================================
Received Import Request.
  Time since last request: 0.000219 seconds.
  path: Assets/Sunnyland/artwork/Environment/tileset-sliced_12.asset
  artifactKey: Guid(5a26fd42d28b9b04f92fac0f0c478e19) Importer(815301076,1909f56bfc062723c751e8b465ee728b)
Start importing Assets/Sunnyland/artwork/Environment/tileset-sliced_12.asset using Guid(5a26fd42d28b9b04f92fac0f0c478e19) Importer(815301076,1909f56bfc062723c751e8b465ee728b)  -> (artifact id: 'a36985a91d0e387293845d64619320a6') in 0.013760 seconds
  Import took 0.017588 seconds .

========================================================================
Received Import Request.
  Time since last request: 0.000228 seconds.
  path: Assets/Sunnyland/artwork/Environment/tileset-sliced_16.asset
  artifactKey: Guid(da12658ce9ba9fa4285a5f37c1a70eb2) Importer(815301076,1909f56bfc062723c751e8b465ee728b)
Start importing Assets/Sunnyland/artwork/Environment/tileset-sliced_16.asset using Guid(da12658ce9ba9fa4285a5f37c1a70eb2) Importer(815301076,1909f56bfc062723c751e8b465ee728b)  -> (artifact id: '98531b4ff1f7bc0a2c1103da63630585') in 0.009283 seconds
  Import took 0.013195 seconds .

========================================================================
Received Import Request.
  Time since last request: 0.000248 seconds.
  path: Assets/Sunnyland/artwork/Environment/tileset-sliced_25.asset
  artifactKey: Guid(5a062eb756ff46e49a1c6dfff0bce517) Importer(815301076,1909f56bfc062723c751e8b465ee728b)
Start importing Assets/Sunnyland/artwork/Environment/tileset-sliced_25.asset using Guid(5a062eb756ff46e49a1c6dfff0bce517) Importer(815301076,1909f56bfc062723c751e8b465ee728b)  -> (artifact id: '245ed9b83bec22a41bbd49ed1d1b0ab2') in 0.007694 seconds
  Import took 0.013858 seconds .

========================================================================
Received Import Request.
  Time since last request: 0.000221 seconds.
  path: Assets/Sunnyland/artwork/Environment/tileset-sliced_3.asset
  artifactKey: Guid(044e806763e6e3442af0d4f0371904be) Importer(815301076,1909f56bfc062723c751e8b465ee728b)
Start importing Assets/Sunnyland/artwork/Environment/tileset-sliced_3.asset using Guid(044e806763e6e3442af0d4f0371904be) Importer(815301076,1909f56bfc062723c751e8b465ee728b)  -> (artifact id: 'c701aa705df0510b1fff08b8cec4c1cc') in 0.009546 seconds
  Import took 0.013954 seconds .

========================================================================
Received Import Request.
  Time since last request: 0.000250 seconds.
  path: Assets/Sunnyland/artwork/Environment/tileset-sliced_7.asset
  artifactKey: Guid(a513a0c3c3b605348a03c7496980baea) Importer(815301076,1909f56bfc062723c751e8b465ee728b)
Start importing Assets/Sunnyland/artwork/Environment/tileset-sliced_7.asset using Guid(a513a0c3c3b605348a03c7496980baea) Importer(815301076,1909f56bfc062723c751e8b465ee728b)  -> (artifact id: '2c9696f1e2b0ea8fb0c1ade3f5e63570') in 0.007311 seconds
  Import took 0.010809 seconds .

========================================================================
Received Import Request.
  Time since last request: 0.000196 seconds.
  path: Assets/Sunnyland/artwork/Environment/tileset-sliced_21.asset
  artifactKey: Guid(8ad9c63cb73da694d8a377982b91234f) Importer(815301076,1909f56bfc062723c751e8b465ee728b)
Start importing Assets/Sunnyland/artwork/Environment/tileset-sliced_21.asset using Guid(8ad9c63cb73da694d8a377982b91234f) Importer(815301076,1909f56bfc062723c751e8b465ee728b)  -> (artifact id: 'aa4a5a83242667809785ba435575df9e') in 0.010680 seconds
  Import took 0.013822 seconds .

========================================================================
Received Import Request.
  Time since last request: 0.000220 seconds.
  path: Assets/Sunnyland/artwork/Environment/tileset-sliced_14.asset
  artifactKey: Guid(9278d89b0c95b31419050d3ca0b28d82) Importer(815301076,1909f56bfc062723c751e8b465ee728b)
Start importing Assets/Sunnyland/artwork/Environment/tileset-sliced_14.asset using Guid(9278d89b0c95b31419050d3ca0b28d82) Importer(815301076,1909f56bfc062723c751e8b465ee728b)  -> (artifact id: '6c710517ee352121b15dc8c6170666d3') in 0.007435 seconds
  Import took 0.010972 seconds .

========================================================================
Received Import Request.
  Time since last request: 0.000208 seconds.
  path: Assets/Sunnyland/artwork/Environment/tileset-sliced_10.asset
  artifactKey: Guid(19688d6cae5782c4d8471640f346c1ff) Importer(815301076,1909f56bfc062723c751e8b465ee728b)
Start importing Assets/Sunnyland/artwork/Environment/tileset-sliced_10.asset using Guid(19688d6cae5782c4d8471640f346c1ff) Importer(815301076,1909f56bfc062723c751e8b465ee728b)  -> (artifact id: '49cdac2e279c0d4255489c107cc15c02') in 0.007816 seconds
  Import took 0.013135 seconds .

========================================================================
Received Import Request.
  Time since last request: 0.000293 seconds.
  path: Assets/Sunnyland/artwork/Environment/tileset-sliced_13.asset
  artifactKey: Guid(f1baff3f80160124b9d7b28900f095fa) Importer(815301076,1909f56bfc062723c751e8b465ee728b)
Start importing Assets/Sunnyland/artwork/Environment/tileset-sliced_13.asset using Guid(f1baff3f80160124b9d7b28900f095fa) Importer(815301076,1909f56bfc062723c751e8b465ee728b)  -> (artifact id: 'a7c5ca4460baf40d5c69a38b76f14d00') in 0.008210 seconds
  Import took 0.012261 seconds .

========================================================================
Received Import Request.
  Time since last request: 0.000252 seconds.
  path: Assets/Sunnyland/artwork/Environment/tileset-sliced_8.asset
  artifactKey: Guid(652fb0161d9f42f478ba9193334a256a) Importer(815301076,1909f56bfc062723c751e8b465ee728b)
Start importing Assets/Sunnyland/artwork/Environment/tileset-sliced_8.asset using Guid(652fb0161d9f42f478ba9193334a256a) Importer(815301076,1909f56bfc062723c751e8b465ee728b)  -> (artifact id: '6b15e99aeb598e201daad6c09e6c6f9d') in 0.007588 seconds
  Import took 0.011378 seconds .

========================================================================
Received Import Request.
  Time since last request: 0.000202 seconds.
  path: Assets/Sunnyland/artwork/Environment/tileset-sliced_11.asset
  artifactKey: Guid(8ca55eebd761dd0419de150de1cccc1f) Importer(815301076,1909f56bfc062723c751e8b465ee728b)
Start importing Assets/Sunnyland/artwork/Environment/tileset-sliced_11.asset using Guid(8ca55eebd761dd0419de150de1cccc1f) Importer(815301076,1909f56bfc062723c751e8b465ee728b)  -> (artifact id: '500aba659178fb807d98ebd875770c0e') in 0.009520 seconds
  Import took 0.012942 seconds .

========================================================================
Received Import Request.
  Time since last request: 0.000207 seconds.
  path: Assets/Sunnyland/artwork/Environment/tileset-sliced_9.asset
  artifactKey: Guid(001799842bce1164f9f59bb11c577238) Importer(815301076,1909f56bfc062723c751e8b465ee728b)
Start importing Assets/Sunnyland/artwork/Environment/tileset-sliced_9.asset using Guid(001799842bce1164f9f59bb11c577238) Importer(815301076,1909f56bfc062723c751e8b465ee728b)  -> (artifact id: '79dabd37fad15742ee25b58a7f545a59') in 0.007933 seconds
  Import took 0.012167 seconds .

========================================================================
Received Import Request.
  Time since last request: 0.000221 seconds.
  path: Assets/Sunnyland/artwork/Environment/tileset-sliced_2.asset
  artifactKey: Guid(92fe575134c656e41b06770148761530) Importer(815301076,1909f56bfc062723c751e8b465ee728b)
Start importing Assets/Sunnyland/artwork/Environment/tileset-sliced_2.asset using Guid(92fe575134c656e41b06770148761530) Importer(815301076,1909f56bfc062723c751e8b465ee728b)  -> (artifact id: 'e119c96ad421960dc17f656399cceb06') in 0.007250 seconds
  Import took 0.010600 seconds .

========================================================================
Received Import Request.
  Time since last request: 0.000221 seconds.
  path: Assets/Sunnyland/artwork/Environment/tileset-sliced_20.asset
  artifactKey: Guid(4c84ee99eaecd734883ee2449a3d1db4) Importer(815301076,1909f56bfc062723c751e8b465ee728b)
Start importing Assets/Sunnyland/artwork/Environment/tileset-sliced_20.asset using Guid(4c84ee99eaecd734883ee2449a3d1db4) Importer(815301076,1909f56bfc062723c751e8b465ee728b)  -> (artifact id: '82ded02243c28a5d64d462dad3369178') in 0.010844 seconds
  Import took 0.014066 seconds .

========================================================================
Received Import Request.
  Time since last request: 0.000206 seconds.
  path: Assets/Sunnyland/artwork/Environment/tileset-sliced_0.asset
  artifactKey: Guid(f9efcdde149bc9a4b916291d3ea2f0f6) Importer(815301076,1909f56bfc062723c751e8b465ee728b)
Start importing Assets/Sunnyland/artwork/Environment/tileset-sliced_0.asset using Guid(f9efcdde149bc9a4b916291d3ea2f0f6) Importer(815301076,1909f56bfc062723c751e8b465ee728b)  -> (artifact id: 'aa770869c821c11c63d2bfa2b863b715') in 0.007964 seconds
  Import took 0.011393 seconds .

========================================================================
Received Import Request.
  Time since last request: 0.000204 seconds.
  path: Assets/Sunnyland/artwork/Environment/tileset-sliced_5.asset
  artifactKey: Guid(73549b755c3a4494a884f255401e0a78) Importer(815301076,1909f56bfc062723c751e8b465ee728b)
Start importing Assets/Sunnyland/artwork/Environment/tileset-sliced_5.asset using Guid(73549b755c3a4494a884f255401e0a78) Importer(815301076,1909f56bfc062723c751e8b465ee728b)  -> (artifact id: 'e493a51f06a35ddb6c2ccb093f9f430c') in 0.007266 seconds
  Import took 0.012549 seconds .

========================================================================
Received Import Request.
  Time since last request: 0.000224 seconds.
  path: Assets/Sunnyland/artwork/Environment/tileset-sliced_24.asset
  artifactKey: Guid(23d66c0860c8f5b45b98ad193b4ad6f9) Importer(815301076,1909f56bfc062723c751e8b465ee728b)
Start importing Assets/Sunnyland/artwork/Environment/tileset-sliced_24.asset using Guid(23d66c0860c8f5b45b98ad193b4ad6f9) Importer(815301076,1909f56bfc062723c751e8b465ee728b)  -> (artifact id: 'bcf4eb5331ea7325d5d43b877bea3205') in 0.008424 seconds
  Import took 0.012103 seconds .

========================================================================
Received Import Request.
  Time since last request: 0.000231 seconds.
  path: Assets/Sunnyland/artwork/Environment/tileset-sliced_18.asset
  artifactKey: Guid(e81e101ced3b6924799f367bc8aeaac3) Importer(815301076,1909f56bfc062723c751e8b465ee728b)
Start importing Assets/Sunnyland/artwork/Environment/tileset-sliced_18.asset using Guid(e81e101ced3b6924799f367bc8aeaac3) Importer(815301076,1909f56bfc062723c751e8b465ee728b)  -> (artifact id: '38b9994bda5f8baedb0a70caf3eb88b5') in 0.008557 seconds
  Import took 0.012622 seconds .

========================================================================
Received Import Request.
  Time since last request: 0.000218 seconds.
  path: Assets/Sunnyland/artwork/Environment/tileset-sliced_22.asset
  artifactKey: Guid(6caa2488ca8c64d42829c938ecad8c37) Importer(815301076,1909f56bfc062723c751e8b465ee728b)
Start importing Assets/Sunnyland/artwork/Environment/tileset-sliced_22.asset using Guid(6caa2488ca8c64d42829c938ecad8c37) Importer(815301076,1909f56bfc062723c751e8b465ee728b)  -> (artifact id: '96235c63e4830eb5a03335bd888a571a') in 0.015775 seconds
  Import took 0.019590 seconds .

========================================================================
Received Prepare
Registering precompiled user dll's ...
Registered in 0.001359 seconds.
Begin MonoManager ReloadAssembly
Native extension for WindowsStandalone target not found
Native extension for WebGL target not found
Refreshing native plugins compatible for Editor in 0.39 ms, found 1 plugins.
Preloading 0 native plugins for Editor in 0.00 ms.
Invoked RoslynAnalysisRunner static constructor.
RoslynAnalysisRunner will not be running.
RoslynAnalysisRunner has terminated.
Mono: successfully reloaded assembly
- Completed reload, in  1.376 seconds
Platform modules already initialized, skipping
Refreshing native plugins compatible for Editor in 0.62 ms, found 1 plugins.
Preloading 0 native plugins for Editor in 0.00 ms.
Unloading 1802 Unused Serialized files (Serialized files now loaded: 0)
System memory in use before: 88.1 MB.
System memory in use after: 88.1 MB.

Unloading 12 unused Assets to reduce memory usage. Loaded Objects now: 2317.
Total: 2.500737 ms (FindLiveObjects: 0.322737 ms CreateObjectMapping: 0.081714 ms MarkObjects: 1.949689 ms  DeleteObjects: 0.139473 ms)

========================================================================
Received Prepare
Registering precompiled user dll's ...
Registered in 0.002056 seconds.
Begin MonoManager ReloadAssembly
Native extension for WindowsStandalone target not found
Native extension for WebGL target not found
Refreshing native plugins compatible for Editor in 0.39 ms, found 1 plugins.
Preloading 0 native plugins for Editor in 0.00 ms.
Invoked RoslynAnalysisRunner static constructor.
RoslynAnalysisRunner will not be running.
RoslynAnalysisRunner has terminated.
Mono: successfully reloaded assembly
- Completed reload, in  1.350 seconds
Platform modules already initialized, skipping
Refreshing native plugins compatible for Editor in 0.39 ms, found 1 plugins.
Preloading 0 native plugins for Editor in 0.00 ms.
Unloading 1803 Unused Serialized files (Serialized files now loaded: 0)
System memory in use before: 88.2 MB.
System memory in use after: 88.2 MB.

Unloading 12 unused Assets to reduce memory usage. Loaded Objects now: 2322.
Total: 3.007016 ms (FindLiveObjects: 0.377143 ms CreateObjectMapping: 0.089257 ms MarkObjects: 2.375791 ms  DeleteObjects: 0.135771 ms)

========================================================================
Received Import Request.
  Time since last request: 219.372135 seconds.
  path: Assets/tep.cs
  artifactKey: Guid(de1eb781fd3a1c94a8aee3c4ecfd353e) Importer(815301076,1909f56bfc062723c751e8b465ee728b)
Start importing Assets/tep.cs using Guid(de1eb781fd3a1c94a8aee3c4ecfd353e) Importer(815301076,1909f56bfc062723c751e8b465ee728b)  -> (artifact id: 'bda3a5b15db6042027741a637fc8f3ad') in 0.005542 seconds
  Import took 0.009346 seconds .

========================================================================
Received Import Request.
  Time since last request: 0.001156 seconds.
  path: Assets/tep.cs
  artifactKey: Guid(de1eb781fd3a1c94a8aee3c4ecfd353e) Importer(815301076,1909f56bfc062723c751e8b465ee728b)
Start importing Assets/tep.cs using Guid(de1eb781fd3a1c94a8aee3c4ecfd353e) Importer(815301076,1909f56bfc062723c751e8b465ee728b)  -> (artifact id: 'bda3a5b15db6042027741a637fc8f3ad') in 0.003268 seconds
  Import took 0.007167 seconds .

========================================================================
Received Prepare
Registering precompiled user dll's ...
Registered in 0.001372 seconds.
Begin MonoManager ReloadAssembly
Native extension for WindowsStandalone target not found
Native extension for WebGL target not found
Refreshing native plugins compatible for Editor in 0.48 ms, found 1 plugins.
Preloading 0 native plugins for Editor in 0.00 ms.
Invoked RoslynAnalysisRunner static constructor.
RoslynAnalysisRunner will not be running.
RoslynAnalysisRunner has terminated.
Mono: successfully reloaded assembly
- Completed reload, in  1.339 seconds
Platform modules already initialized, skipping
Refreshing native plugins compatible for Editor in 0.41 ms, found 1 plugins.
Preloading 0 native plugins for Editor in 0.00 ms.
Unloading 1803 Unused Serialized files (Serialized files now loaded: 0)
System memory in use before: 88.2 MB.
System memory in use after: 88.2 MB.

Unloading 12 unused Assets to reduce memory usage. Loaded Objects now: 2326.
Total: 2.341359 ms (FindLiveObjects: 0.175302 ms CreateObjectMapping: 0.065930 ms MarkObjects: 1.898356 ms  DeleteObjects: 0.194927 ms)

========================================================================
Received Prepare
Registering precompiled user dll's ...
Registered in 0.002596 seconds.
Begin MonoManager ReloadAssembly
Native extension for WindowsStandalone target not found
Native extension for WebGL target not found
Refreshing native plugins compatible for Editor in 0.44 ms, found 1 plugins.
Preloading 0 native plugins for Editor in 0.00 ms.
Invoked RoslynAnalysisRunner static constructor.
RoslynAnalysisRunner will not be running.
RoslynAnalysisRunner has terminated.
Mono: successfully reloaded assembly
- Completed reload, in  1.524 seconds
Platform modules already initialized, skipping
Script error: OnTriggerEnter
This message parameter has to be of type: Collider
The message will be ignored.

Refreshing native plugins compatible for Editor in 0.58 ms, found 1 plugins.
Preloading 0 native plugins for Editor in 0.00 ms.
Unloading 1803 Unused Serialized files (Serialized files now loaded: 0)
System memory in use before: 88.3 MB.
System memory in use after: 88.3 MB.

Unloading 12 unused Assets to reduce memory usage. Loaded Objects now: 2330.
Total: 2.227867 ms (FindLiveObjects: 0.283556 ms CreateObjectMapping: 0.220908 ms MarkObjects: 1.573734 ms  DeleteObjects: 0.142406 ms)

========================================================================
Received Import Request.
  Time since last request: 239.929812 seconds.
  path: Assets/Scripts/tep.cs
  artifactKey: Guid(de1eb781fd3a1c94a8aee3c4ecfd353e) Importer(815301076,1909f56bfc062723c751e8b465ee728b)
Start importing Assets/Scripts/tep.cs using Guid(de1eb781fd3a1c94a8aee3c4ecfd353e) Importer(815301076,1909f56bfc062723c751e8b465ee728b)  -> (artifact id: '88be419788284ac125f00def66919198') in 0.006330 seconds
  Import took 0.010132 seconds .

========================================================================
Received Import Request.
  Time since last request: 86.863689 seconds.
  path: Assets/Sunnyland/artwork/Environment/Materials/back.mat
  artifactKey: Guid(2d5ad442f1ca4ac4483a1dfb72d941cc) Importer(815301076,1909f56bfc062723c751e8b465ee728b)
Start importing Assets/Sunnyland/artwork/Environment/Materials/back.mat using Guid(2d5ad442f1ca4ac4483a1dfb72d941cc) Importer(815301076,1909f56bfc062723c751e8b465ee728b)  -> (artifact id: 'b723435bc04a01be68e886953a235b53') in 0.114377 seconds
  Import took 0.118164 seconds .

========================================================================
Received Prepare
Registering precompiled user dll's ...
Registered in 0.001549 seconds.
Begin MonoManager ReloadAssembly
Native extension for WindowsStandalone target not found
Native extension for WebGL target not found
Refreshing native plugins compatible for Editor in 0.42 ms, found 1 plugins.
Preloading 0 native plugins for Editor in 0.00 ms.
Invoked RoslynAnalysisRunner static constructor.
RoslynAnalysisRunner will not be running.
RoslynAnalysisRunner has terminated.
Mono: successfully reloaded assembly
- Completed reload, in  1.360 seconds
Platform modules already initialized, skipping
Script error: OnTriggerEnter
This message parameter has to be of type: Collider
The message will be ignored.

Refreshing native plugins compatible for Editor in 0.40 ms, found 1 plugins.
Preloading 0 native plugins for Editor in 0.00 ms.
Unloading 1803 Unused Serialized files (Serialized files now loaded: 0)
System memory in use before: 88.6 MB.
System memory in use after: 88.6 MB.

Unloading 12 unused Assets to reduce memory usage. Loaded Objects now: 2372.
Total: 3.187416 ms (FindLiveObjects: 0.587156 ms CreateObjectMapping: 0.065511 ms MarkObjects: 2.335911 ms  DeleteObjects: 0.190667 ms)

========================================================================
Received Prepare
Registering precompiled user dll's ...
Registered in 0.001636 seconds.
Begin MonoManager ReloadAssembly
Native extension for WindowsStandalone target not found
Native extension for WebGL target not found
Refreshing native plugins compatible for Editor in 0.41 ms, found 1 plugins.
Preloading 0 native plugins for Editor in 0.00 ms.
Invoked RoslynAnalysisRunner static constructor.
RoslynAnalysisRunner will not be running.
RoslynAnalysisRunner has terminated.
Mono: successfully reloaded assembly
- Completed reload, in  1.345 seconds
Platform modules already initialized, skipping
Script error: OnTriggerEnter
This message parameter has to be of type: Collider
The message will be ignored.

Refreshing native plugins compatible for Editor in 0.38 ms, found 1 plugins.
Preloading 0 native plugins for Editor in 0.00 ms.
Unloading 1803 Unused Serialized files (Serialized files now loaded: 0)
System memory in use before: 88.6 MB.
System memory in use after: 88.6 MB.

Unloading 12 unused Assets to reduce memory usage. Loaded Objects now: 2376.
Total: 2.039365 ms (FindLiveObjects: 0.248984 ms CreateObjectMapping: 0.066419 ms MarkObjects: 1.591753 ms  DeleteObjects: 0.125644 ms)

========================================================================
Received Prepare
Registering precompiled user dll's ...
Registered in 0.002091 seconds.
Begin MonoManager ReloadAssembly
Native extension for WindowsStandalone target not found
Native extension for WebGL target not found
Refreshing native plugins compatible for Editor in 0.62 ms, found 1 plugins.
Preloading 0 native plugins for Editor in 0.00 ms.
Invoked RoslynAnalysisRunner static constructor.
RoslynAnalysisRunner will not be running.
RoslynAnalysisRunner has terminated.
Mono: successfully reloaded assembly
- Completed reload, in  1.663 seconds
Platform modules already initialized, skipping
Script error: OnTriggerEnter
This message parameter has to be of type: Collider
The message will be ignored.

Refreshing native plugins compatible for Editor in 0.38 ms, found 1 plugins.
Preloading 0 native plugins for Editor in 0.00 ms.
Unloading 1803 Unused Serialized files (Serialized files now loaded: 0)
System memory in use before: 88.6 MB.
System memory in use after: 88.6 MB.

Unloading 12 unused Assets to reduce memory usage. Loaded Objects now: 2380.
Total: 4.035778 ms (FindLiveObjects: 0.538476 ms CreateObjectMapping: 0.186127 ms MarkObjects: 3.094597 ms  DeleteObjects: 0.208686 ms)

========================================================================
Received Import Request.
  Time since last request: 562.594367 seconds.
  path: Assets/Scripts/tep.cs
  artifactKey: Guid(de1eb781fd3a1c94a8aee3c4ecfd353e) Importer(815301076,1909f56bfc062723c751e8b465ee728b)
Start importing Assets/Scripts/tep.cs using Guid(de1eb781fd3a1c94a8aee3c4ecfd353e) Importer(815301076,1909f56bfc062723c751e8b465ee728b)  -> (artifact id: '48603a9ef980e87b8d83dfcf795ed843') in 0.006591 seconds
  Import took 0.010856 seconds .

========================================================================
Received Import Request.
  Time since last request: 0.001288 seconds.
  path: Assets/Scripts/tep.cs
  artifactKey: Guid(de1eb781fd3a1c94a8aee3c4ecfd353e) Importer(815301076,1909f56bfc062723c751e8b465ee728b)
Start importing Assets/Scripts/tep.cs using Guid(de1eb781fd3a1c94a8aee3c4ecfd353e) Importer(815301076,1909f56bfc062723c751e8b465ee728b)  -> (artifact id: '48603a9ef980e87b8d83dfcf795ed843') in 0.003363 seconds
  Import took 0.008167 seconds .

========================================================================
Received Prepare
Registering precompiled user dll's ...
Registered in 0.001369 seconds.
Begin MonoManager ReloadAssembly
Native extension for WindowsStandalone target not found
Native extension for WebGL target not found
Refreshing native plugins compatible for Editor in 0.46 ms, found 1 plugins.
Preloading 0 native plugins for Editor in 0.00 ms.
Invoked RoslynAnalysisRunner static constructor.
RoslynAnalysisRunner will not be running.
RoslynAnalysisRunner has terminated.
Mono: successfully reloaded assembly
- Completed reload, in  1.417 seconds
Platform modules already initialized, skipping
Refreshing native plugins compatible for Editor in 0.54 ms, found 1 plugins.
Preloading 0 native plugins for Editor in 0.00 ms.
Unloading 1802 Unused Serialized files (Serialized files now loaded: 0)
System memory in use before: 88.6 MB.
System memory in use after: 88.6 MB.

Unloading 13 unused Assets to reduce memory usage. Loaded Objects now: 2383.
Total: 3.370261 ms (FindLiveObjects: 0.578565 ms CreateObjectMapping: 0.134165 ms MarkObjects: 2.505137 ms  DeleteObjects: 0.143524 ms)

========================================================================
Received Prepare
Registering precompiled user dll's ...
Registered in 0.001355 seconds.
Begin MonoManager ReloadAssembly
Native extension for WindowsStandalone target not found
Native extension for WebGL target not found
Refreshing native plugins compatible for Editor in 0.41 ms, found 1 plugins.
Preloading 0 native plugins for Editor in 0.00 ms.
Invoked RoslynAnalysisRunner static constructor.
RoslynAnalysisRunner will not be running.
RoslynAnalysisRunner has terminated.
Mono: successfully reloaded assembly
- Completed reload, in  1.447 seconds
Platform modules already initialized, skipping
Refreshing native plugins compatible for Editor in 0.43 ms, found 1 plugins.
Preloading 0 native plugins for Editor in 0.00 ms.
Unloading 1803 Unused Serialized files (Serialized files now loaded: 0)
System memory in use before: 88.7 MB.
System memory in use after: 88.6 MB.

Unloading 12 unused Assets to reduce memory usage. Loaded Objects now: 2388.
Total: 2.471334 ms (FindLiveObjects: 0.268400 ms CreateObjectMapping: 0.069213 ms MarkObjects: 1.992013 ms  DeleteObjects: 0.134514 ms)

========================================================================
Received Prepare
Registering precompiled user dll's ...
Registered in 0.001339 seconds.
Begin MonoManager ReloadAssembly
Native extension for WindowsStandalone target not found
Native extension for WebGL target not found
Refreshing native plugins compatible for Editor in 0.40 ms, found 1 plugins.
Preloading 0 native plugins for Editor in 0.00 ms.
Invoked RoslynAnalysisRunner static constructor.
RoslynAnalysisRunner will not be running.
RoslynAnalysisRunner has terminated.
Mono: successfully reloaded assembly
- Completed reload, in  1.393 seconds
Platform modules already initialized, skipping
Refreshing native plugins compatible for Editor in 0.68 ms, found 1 plugins.
Preloading 0 native plugins for Editor in 0.00 ms.
Unloading 1803 Unused Serialized files (Serialized files now loaded: 0)
System memory in use before: 88.7 MB.
System memory in use after: 88.7 MB.

Unloading 12 unused Assets to reduce memory usage. Loaded Objects now: 2392.
Total: 2.464629 ms (FindLiveObjects: 0.262813 ms CreateObjectMapping: 0.065790 ms MarkObjects: 1.993619 ms  DeleteObjects: 0.135702 ms)

========================================================================
Received Import Request.
  Time since last request: 210.867392 seconds.
  path: Assets/Scripts/res.cs
  artifactKey: Guid(f305ee03344830a4fb68e86f99a7f540) Importer(815301076,1909f56bfc062723c751e8b465ee728b)
Start importing Assets/Scripts/res.cs using Guid(f305ee03344830a4fb68e86f99a7f540) Importer(815301076,1909f56bfc062723c751e8b465ee728b)  -> (artifact id: '4cc9785314e03c86844e76bb81809536') in 0.005612 seconds
  Import took 0.009288 seconds .

========================================================================
Received Prepare
Registering precompiled user dll's ...
Registered in 0.002084 seconds.
Begin MonoManager ReloadAssembly
Native extension for WindowsStandalone target not found
Native extension for WebGL target not found
Refreshing native plugins compatible for Editor in 0.41 ms, found 1 plugins.
Preloading 0 native plugins for Editor in 0.00 ms.
Invoked RoslynAnalysisRunner static constructor.
RoslynAnalysisRunner will not be running.
RoslynAnalysisRunner has terminated.
Mono: successfully reloaded assembly
- Completed reload, in  1.406 seconds
Platform modules already initialized, skipping
Script error: OnTriggerEnter
This message parameter has to be of type: Collider
The message will be ignored.

Refreshing native plugins compatible for Editor in 0.39 ms, found 1 plugins.
Preloading 0 native plugins for Editor in 0.00 ms.
Unloading 1803 Unused Serialized files (Serialized files now loaded: 0)
System memory in use before: 88.7 MB.
System memory in use after: 88.7 MB.

Unloading 12 unused Assets to reduce memory usage. Loaded Objects now: 2396.
Total: 2.272915 ms (FindLiveObjects: 0.357657 ms CreateObjectMapping: 0.067886 ms MarkObjects: 1.697213 ms  DeleteObjects: 0.142267 ms)

========================================================================
Received Import Request.
  Time since last request: 40.239121 seconds.
  path: Assets/Scripts/res.cs
  artifactKey: Guid(f305ee03344830a4fb68e86f99a7f540) Importer(815301076,1909f56bfc062723c751e8b465ee728b)
Start importing Assets/Scripts/res.cs using Guid(f305ee03344830a4fb68e86f99a7f540) Importer(815301076,1909f56bfc062723c751e8b465ee728b)  -> (artifact id: '7418866b8314c0bd9bd4a3f536cba0be') in 0.006313 seconds
  Import took 0.011174 seconds .

========================================================================
Received Prepare
Registering precompiled user dll's ...
Registered in 0.001507 seconds.
Begin MonoManager ReloadAssembly
Native extension for WindowsStandalone target not found
Native extension for WebGL target not found
Refreshing native plugins compatible for Editor in 0.46 ms, found 1 plugins.
Preloading 0 native plugins for Editor in 0.00 ms.
Invoked RoslynAnalysisRunner static constructor.
RoslynAnalysisRunner will not be running.
RoslynAnalysisRunner has terminated.
Mono: successfully reloaded assembly
- Completed reload, in  1.350 seconds
Platform modules already initialized, skipping
Refreshing native plugins compatible for Editor in 0.39 ms, found 1 plugins.
Preloading 0 native plugins for Editor in 0.00 ms.
Unloading 1803 Unused Serialized files (Serialized files now loaded: 0)
System memory in use before: 88.7 MB.
System memory in use after: 88.7 MB.

Unloading 12 unused Assets to reduce memory usage. Loaded Objects now: 2400.
Total: 2.858604 ms (FindLiveObjects: 0.304368 ms CreateObjectMapping: 0.107835 ms MarkObjects: 2.302597 ms  DeleteObjects: 0.135981 ms)

========================================================================
Received Import Request.
  Time since last request: 108.393427 seconds.
  path: Assets/Scripts/res.cs
  artifactKey: Guid(f305ee03344830a4fb68e86f99a7f540) Importer(815301076,1909f56bfc062723c751e8b465ee728b)
Start importing Assets/Scripts/res.cs using Guid(f305ee03344830a4fb68e86f99a7f540) Importer(815301076,1909f56bfc062723c751e8b465ee728b)  -> (artifact id: '36f9aea88e4fd95420f410c1dca3d40a') in 0.007356 seconds
  Import took 0.012095 seconds .

========================================================================
Received Prepare
Registering precompiled user dll's ...
Registered in 0.002099 seconds.
Begin MonoManager ReloadAssembly
Native extension for WindowsStandalone target not found
Native extension for WebGL target not found
Refreshing native plugins compatible for Editor in 0.40 ms, found 1 plugins.
Preloading 0 native plugins for Editor in 0.00 ms.
Invoked RoslynAnalysisRunner static constructor.
RoslynAnalysisRunner will not be running.
RoslynAnalysisRunner has terminated.
Mono: successfully reloaded assembly
- Completed reload, in  1.387 seconds
Platform modules already initialized, skipping
Refreshing native plugins compatible for Editor in 0.38 ms, found 1 plugins.
Preloading 0 native plugins for Editor in 0.00 ms.
Unloading 1803 Unused Serialized files (Serialized files now loaded: 0)
System memory in use before: 88.7 MB.
System memory in use after: 88.7 MB.

Unloading 12 unused Assets to reduce memory usage. Loaded Objects now: 2404.
Total: 2.197696 ms (FindLiveObjects: 0.342152 ms CreateObjectMapping: 0.073962 ms MarkObjects: 1.648254 ms  DeleteObjects: 0.126762 ms)

========================================================================
Received Prepare
Registering precompiled user dll's ...
Registered in 0.001436 seconds.
Begin MonoManager ReloadAssembly
Native extension for WindowsStandalone target not found
Native extension for WebGL target not found
Refreshing native plugins compatible for Editor in 0.39 ms, found 1 plugins.
Preloading 0 native plugins for Editor in 0.00 ms.
Invoked RoslynAnalysisRunner static constructor.
RoslynAnalysisRunner will not be running.
RoslynAnalysisRunner has terminated.
Mono: successfully reloaded assembly
- Completed reload, in  1.360 seconds
Platform modules already initialized, skipping
Refreshing native plugins compatible for Editor in 0.50 ms, found 1 plugins.
Preloading 0 native plugins for Editor in 0.00 ms.
Unloading 1803 Unused Serialized files (Serialized files now loaded: 0)
System memory in use before: 88.7 MB.
System memory in use after: 88.7 MB.

Unloading 12 unused Assets to reduce memory usage. Loaded Objects now: 2408.
Total: 3.313340 ms (FindLiveObjects: 0.364292 ms CreateObjectMapping: 0.088489 ms MarkObjects: 2.678553 ms  DeleteObjects: 0.172787 ms)

========================================================================
Received Prepare
Registering precompiled user dll's ...
Registered in 0.001352 seconds.
Begin MonoManager ReloadAssembly
Native extension for WindowsStandalone target not found
Native extension for WebGL target not found
Refreshing native plugins compatible for Editor in 0.39 ms, found 1 plugins.
Preloading 0 native plugins for Editor in 0.00 ms.
Invoked RoslynAnalysisRunner static constructor.
RoslynAnalysisRunner will not be running.
RoslynAnalysisRunner has terminated.
Mono: successfully reloaded assembly
- Completed reload, in  1.307 seconds
Platform modules already initialized, skipping
Refreshing native plugins compatible for Editor in 0.40 ms, found 1 plugins.
Preloading 0 native plugins for Editor in 0.00 ms.
Unloading 1803 Unused Serialized files (Serialized files now loaded: 0)
System memory in use before: 88.7 MB.
System memory in use after: 88.7 MB.

Unloading 12 unused Assets to reduce memory usage. Loaded Objects now: 2412.
Total: 2.239042 ms (FindLiveObjects: 0.264070 ms CreateObjectMapping: 0.066349 ms MarkObjects: 1.764261 ms  DeleteObjects: 0.136749 ms)

========================================================================
Received Prepare
Registering precompiled user dll's ...
Registered in 0.002093 seconds.
Begin MonoManager ReloadAssembly
Native extension for WindowsStandalone target not found
Native extension for WebGL target not found
Refreshing native plugins compatible for Editor in 0.37 ms, found 1 plugins.
Preloading 0 native plugins for Editor in 0.00 ms.
Invoked RoslynAnalysisRunner static constructor.
RoslynAnalysisRunner will not be running.
RoslynAnalysisRunner has terminated.
Mono: successfully reloaded assembly
- Completed reload, in  1.366 seconds
Platform modules already initialized, skipping
Refreshing native plugins compatible for Editor in 0.38 ms, found 1 plugins.
Preloading 0 native plugins for Editor in 0.00 ms.
Unloading 1803 Unused Serialized files (Serialized files now loaded: 0)
System memory in use before: 88.7 MB.
System memory in use after: 88.7 MB.

Unloading 12 unused Assets to reduce memory usage. Loaded Objects now: 2416.
Total: 2.091327 ms (FindLiveObjects: 0.259740 ms CreateObjectMapping: 0.070749 ms MarkObjects: 1.625556 ms  DeleteObjects: 0.125924 ms)

========================================================================
Received Prepare
Registering precompiled user dll's ...
Registered in 0.001819 seconds.
Begin MonoManager ReloadAssembly
Native extension for WindowsStandalone target not found
Native extension for WebGL target not found
Refreshing native plugins compatible for Editor in 0.77 ms, found 1 plugins.
Preloading 0 native plugins for Editor in 0.00 ms.
Invoked RoslynAnalysisRunner static constructor.
RoslynAnalysisRunner will not be running.
RoslynAnalysisRunner has terminated.
Mono: successfully reloaded assembly
- Completed reload, in  1.391 seconds
Platform modules already initialized, skipping
Refreshing native plugins compatible for Editor in 0.64 ms, found 1 plugins.
Preloading 0 native plugins for Editor in 0.00 ms.
Unloading 1803 Unused Serialized files (Serialized files now loaded: 0)
System memory in use before: 88.7 MB.
System memory in use after: 88.7 MB.

Unloading 12 unused Assets to reduce memory usage. Loaded Objects now: 2420.
Total: 4.462788 ms (FindLiveObjects: 1.259937 ms CreateObjectMapping: 0.210432 ms MarkObjects: 2.784781 ms  DeleteObjects: 0.199956 ms)

========================================================================
Received Prepare
Registering precompiled user dll's ...
Registered in 0.001379 seconds.
Begin MonoManager ReloadAssembly
Native extension for WindowsStandalone target not found
Native extension for WebGL target not found
Refreshing native plugins compatible for Editor in 0.61 ms, found 1 plugins.
Preloading 0 native plugins for Editor in 0.00 ms.
Invoked RoslynAnalysisRunner static constructor.
RoslynAnalysisRunner will not be running.
RoslynAnalysisRunner has terminated.
Mono: successfully reloaded assembly
- Completed reload, in  1.364 seconds
Platform modules already initialized, skipping
Script error: OnTriggerEnter
This message parameter has to be of type: Collider
The message will be ignored.

Refreshing native plugins compatible for Editor in 0.38 ms, found 1 plugins.
Preloading 0 native plugins for Editor in 0.00 ms.
Unloading 1803 Unused Serialized files (Serialized files now loaded: 0)
System memory in use before: 88.7 MB.
System memory in use after: 88.7 MB.

Unloading 12 unused Assets to reduce memory usage. Loaded Objects now: 2424.
Total: 2.092515 ms (FindLiveObjects: 0.213644 ms CreateObjectMapping: 0.082343 ms MarkObjects: 1.662013 ms  DeleteObjects: 0.127879 ms)

========================================================================
Received Prepare
Registering precompiled user dll's ...
Registered in 0.001376 seconds.
Begin MonoManager ReloadAssembly
Native extension for WindowsStandalone target not found
Native extension for WebGL target not found
Refreshing native plugins compatible for Editor in 0.52 ms, found 1 plugins.
Preloading 0 native plugins for Editor in 0.00 ms.
Invoked RoslynAnalysisRunner static constructor.
RoslynAnalysisRunner will not be running.
RoslynAnalysisRunner has terminated.
Mono: successfully reloaded assembly
- Completed reload, in  1.364 seconds
Platform modules already initialized, skipping
Script error: OnTriggerEnter
This message parameter has to be of type: Collider
The message will be ignored.

Refreshing native plugins compatible for Editor in 0.43 ms, found 1 plugins.
Preloading 0 native plugins for Editor in 0.00 ms.
Unloading 1803 Unused Serialized files (Serialized files now loaded: 0)
System memory in use before: 88.7 MB.
System memory in use after: 88.7 MB.

Unloading 12 unused Assets to reduce memory usage. Loaded Objects now: 2428.
Total: 2.188197 ms (FindLiveObjects: 0.207708 ms CreateObjectMapping: 0.066349 ms MarkObjects: 1.772921 ms  DeleteObjects: 0.134514 ms)

========================================================================
Received Prepare
Registering precompiled user dll's ...
Registered in 0.001442 seconds.
Begin MonoManager ReloadAssembly
Native extension for WindowsStandalone target not found
Native extension for WebGL target not found
Refreshing native plugins compatible for Editor in 0.42 ms, found 1 plugins.
Preloading 0 native plugins for Editor in 0.00 ms.
Invoked RoslynAnalysisRunner static constructor.
RoslynAnalysisRunner will not be running.
RoslynAnalysisRunner has terminated.
Mono: successfully reloaded assembly
- Completed reload, in  1.410 seconds
Platform modules already initialized, skipping
Script error: OnTriggerEnter
This message parameter has to be of type: Collider
The message will be ignored.

Refreshing native plugins compatible for Editor in 0.39 ms, found 1 plugins.
Preloading 0 native plugins for Editor in 0.00 ms.
Unloading 1803 Unused Serialized files (Serialized files now loaded: 0)
System memory in use before: 88.8 MB.
System memory in use after: 88.8 MB.

Unloading 12 unused Assets to reduce memory usage. Loaded Objects now: 2432.
Total: 2.232337 ms (FindLiveObjects: 0.344876 ms CreateObjectMapping: 0.080108 ms MarkObjects: 1.673537 ms  DeleteObjects: 0.127321 ms)

========================================================================
Received Prepare
Registering precompiled user dll's ...
Registered in 0.001382 seconds.
Begin MonoManager ReloadAssembly
Native extension for WindowsStandalone target not found
Native extension for WebGL target not found
Refreshing native plugins compatible for Editor in 0.39 ms, found 1 plugins.
Preloading 0 native plugins for Editor in 0.00 ms.
Invoked RoslynAnalysisRunner static constructor.
RoslynAnalysisRunner will not be running.
RoslynAnalysisRunner has terminated.
Mono: successfully reloaded assembly
- Completed reload, in  1.364 seconds
Platform modules already initialized, skipping
Script error: OnTriggerEnter
This message parameter has to be of type: Collider
The message will be ignored.

Refreshing native plugins compatible for Editor in 0.38 ms, found 1 plugins.
Preloading 0 native plugins for Editor in 0.00 ms.
Unloading 1803 Unused Serialized files (Serialized files now loaded: 0)
System memory in use before: 88.8 MB.
System memory in use after: 88.8 MB.

Unloading 12 unused Assets to reduce memory usage. Loaded Objects now: 2436.
Total: 1.972667 ms (FindLiveObjects: 0.194927 ms CreateObjectMapping: 0.064743 ms MarkObjects: 1.579810 ms  DeleteObjects: 0.125924 ms)

========================================================================
Received Prepare
Registering precompiled user dll's ...
Registered in 0.003036 seconds.
Begin MonoManager ReloadAssembly
Native extension for WindowsStandalone target not found
Native extension for WebGL target not found
Refreshing native plugins compatible for Editor in 0.45 ms, found 1 plugins.
Preloading 0 native plugins for Editor in 0.00 ms.
Invoked RoslynAnalysisRunner static constructor.
RoslynAnalysisRunner will not be running.
RoslynAnalysisRunner has terminated.
Mono: successfully reloaded assembly
- Completed reload, in  1.319 seconds
Platform modules already initialized, skipping
Refreshing native plugins compatible for Editor in 0.46 ms, found 1 plugins.
Preloading 0 native plugins for Editor in 0.00 ms.
Unloading 1802 Unused Serialized files (Serialized files now loaded: 0)
System memory in use before: 88.8 MB.
System memory in use after: 88.7 MB.

Unloading 12 unused Assets to reduce memory usage. Loaded Objects now: 2439.
Total: 3.016864 ms (FindLiveObjects: 0.418978 ms CreateObjectMapping: 0.087860 ms MarkObjects: 2.357981 ms  DeleteObjects: 0.141219 ms)

========================================================================
Received Prepare
Registering precompiled user dll's ...
Registered in 0.001445 seconds.
Begin MonoManager ReloadAssembly
Native extension for WindowsStandalone target not found
Native extension for WebGL target not found
Refreshing native plugins compatible for Editor in 0.40 ms, found 1 plugins.
Preloading 0 native plugins for Editor in 0.00 ms.
Invoked RoslynAnalysisRunner static constructor.
RoslynAnalysisRunner will not be running.
RoslynAnalysisRunner has terminated.
Mono: successfully reloaded assembly
- Completed reload, in  2.035 seconds
Platform modules already initialized, skipping
Refreshing native plugins compatible for Editor in 0.39 ms, found 1 plugins.
Preloading 0 native plugins for Editor in 0.00 ms.
Unloading 1802 Unused Serialized files (Serialized files now loaded: 0)
System memory in use before: 88.8 MB.
System memory in use after: 88.8 MB.

Unloading 12 unused Assets to reduce memory usage. Loaded Objects now: 2443.
Total: 4.123499 ms (FindLiveObjects: 0.360032 ms CreateObjectMapping: 0.101200 ms MarkObjects: 3.475721 ms  DeleteObjects: 0.179283 ms)

========================================================================
Received Prepare
Registering precompiled user dll's ...
Registered in 0.001924 seconds.
Begin MonoManager ReloadAssembly
Native extension for WindowsStandalone target not found
Native extension for WebGL target not found
Refreshing native plugins compatible for Editor in 0.45 ms, found 1 plugins.
Preloading 0 native plugins for Editor in 0.00 ms.
Invoked RoslynAnalysisRunner static constructor.
RoslynAnalysisRunner will not be running.
RoslynAnalysisRunner has terminated.
Mono: successfully reloaded assembly
- Completed reload, in  1.284 seconds
Platform modules already initialized, skipping
Refreshing native plugins compatible for Editor in 0.40 ms, found 1 plugins.
Preloading 0 native plugins for Editor in 0.00 ms.
Unloading 1803 Unused Serialized files (Serialized files now loaded: 0)
System memory in use before: 88.8 MB.
System memory in use after: 88.8 MB.

Unloading 12 unused Assets to reduce memory usage. Loaded Objects now: 2448.
Total: 2.368527 ms (FindLiveObjects: 0.392857 ms CreateObjectMapping: 0.073892 ms MarkObjects: 1.764191 ms  DeleteObjects: 0.129206 ms)

========================================================================
Received Import Request.
  Time since last request: 624.197839 seconds.
  path: Assets/line.cs
  artifactKey: Guid(0fd4dba5ad22000409ebece59d8cf8f5) Importer(815301076,1909f56bfc062723c751e8b465ee728b)
Start importing Assets/line.cs using Guid(0fd4dba5ad22000409ebece59d8cf8f5) Importer(815301076,1909f56bfc062723c751e8b465ee728b)  -> (artifact id: '3e16618b1748c5f5076ef5c8ed88ef0e') in 0.006933 seconds
  Import took 0.010847 seconds .

========================================================================
Received Import Request.
  Time since last request: 0.004762 seconds.
  path: Assets/line.cs
  artifactKey: Guid(0fd4dba5ad22000409ebece59d8cf8f5) Importer(815301076,1909f56bfc062723c751e8b465ee728b)
Start importing Assets/line.cs using Guid(0fd4dba5ad22000409ebece59d8cf8f5) Importer(815301076,1909f56bfc062723c751e8b465ee728b)  -> (artifact id: '3e16618b1748c5f5076ef5c8ed88ef0e') in 0.002430 seconds
  Import took 0.007387 seconds .

========================================================================
Received Prepare
Registering precompiled user dll's ...
Registered in 0.001358 seconds.
Begin MonoManager ReloadAssembly
Native extension for WindowsStandalone target not found
Native extension for WebGL target not found
Refreshing native plugins compatible for Editor in 0.41 ms, found 1 plugins.
Preloading 0 native plugins for Editor in 0.00 ms.
Invoked RoslynAnalysisRunner static constructor.
RoslynAnalysisRunner will not be running.
RoslynAnalysisRunner has terminated.
Mono: successfully reloaded assembly
- Completed reload, in  1.306 seconds
Platform modules already initialized, skipping
Refreshing native plugins compatible for Editor in 0.38 ms, found 1 plugins.
Preloading 0 native plugins for Editor in 0.00 ms.
Unloading 1803 Unused Serialized files (Serialized files now loaded: 0)
System memory in use before: 88.8 MB.
System memory in use after: 88.8 MB.

Unloading 12 unused Assets to reduce memory usage. Loaded Objects now: 2452.
Total: 2.045791 ms (FindLiveObjects: 0.194019 ms CreateObjectMapping: 0.066349 ms MarkObjects: 1.655308 ms  DeleteObjects: 0.124248 ms)

========================================================================
Received Prepare
Registering precompiled user dll's ...
Registered in 0.001403 seconds.
Begin MonoManager ReloadAssembly
Native extension for WindowsStandalone target not found
Native extension for WebGL target not found
Refreshing native plugins compatible for Editor in 0.42 ms, found 1 plugins.
Preloading 0 native plugins for Editor in 0.00 ms.
Invoked RoslynAnalysisRunner static constructor.
RoslynAnalysisRunner will not be running.
RoslynAnalysisRunner has terminated.
Mono: successfully reloaded assembly
- Completed reload, in  1.385 seconds
Platform modules already initialized, skipping
Refreshing native plugins compatible for Editor in 0.78 ms, found 1 plugins.
Preloading 0 native plugins for Editor in 0.00 ms.
Unloading 1803 Unused Serialized files (Serialized files now loaded: 0)
System memory in use before: 88.8 MB.
System memory in use after: 88.8 MB.

Unloading 12 unused Assets to reduce memory usage. Loaded Objects now: 2456.
Total: 2.483486 ms (FindLiveObjects: 0.593092 ms CreateObjectMapping: 0.068165 ms MarkObjects: 1.687226 ms  DeleteObjects: 0.128787 ms)

========================================================================
Received Import Request.
  Time since last request: 322.302716 seconds.
  path: Assets/Scripts/line.cs
  artifactKey: Guid(0fd4dba5ad22000409ebece59d8cf8f5) Importer(815301076,1909f56bfc062723c751e8b465ee728b)
Start importing Assets/Scripts/line.cs using Guid(0fd4dba5ad22000409ebece59d8cf8f5) Importer(815301076,1909f56bfc062723c751e8b465ee728b)  -> (artifact id: '718c7dbed4a95b6d9a8fcd16e143ca92') in 0.005749 seconds
  Import took 0.009779 seconds .

========================================================================
Received Prepare
Registering precompiled user dll's ...
Registered in 0.001544 seconds.
Begin MonoManager ReloadAssembly
Native extension for WindowsStandalone target not found
Native extension for WebGL target not found
Refreshing native plugins compatible for Editor in 0.48 ms, found 1 plugins.
Preloading 0 native plugins for Editor in 0.00 ms.
Invoked RoslynAnalysisRunner static constructor.
RoslynAnalysisRunner will not be running.
RoslynAnalysisRunner has terminated.
Mono: successfully reloaded assembly
- Completed reload, in  1.334 seconds
Platform modules already initialized, skipping
Refreshing native plugins compatible for Editor in 0.39 ms, found 1 plugins.
Preloading 0 native plugins for Editor in 0.00 ms.
Unloading 1803 Unused Serialized files (Serialized files now loaded: 0)
System memory in use before: 88.8 MB.
System memory in use after: 88.8 MB.

Unloading 12 unused Assets to reduce memory usage. Loaded Objects now: 2460.
Total: 2.161518 ms (FindLiveObjects: 0.301784 ms CreateObjectMapping: 0.078013 ms MarkObjects: 1.644622 ms  DeleteObjects: 0.129276 ms)

========================================================================
Received Prepare
Registering precompiled user dll's ...
Registered in 0.001377 seconds.
Begin MonoManager ReloadAssembly
Native extension for WindowsStandalone target not found
Native extension for WebGL target not found
Refreshing native plugins compatible for Editor in 0.56 ms, found 1 plugins.
Preloading 0 native plugins for Editor in 0.00 ms.
Invoked RoslynAnalysisRunner static constructor.
RoslynAnalysisRunner will not be running.
RoslynAnalysisRunner has terminated.
Mono: successfully reloaded assembly
- Completed reload, in  1.370 seconds
Platform modules already initialized, skipping
Refreshing native plugins compatible for Editor in 0.44 ms, found 1 plugins.
Preloading 0 native plugins for Editor in 0.00 ms.
Unloading 1803 Unused Serialized files (Serialized files now loaded: 0)
System memory in use before: 88.8 MB.
System memory in use after: 88.8 MB.

Unloading 12 unused Assets to reduce memory usage. Loaded Objects now: 2464.
Total: 2.153416 ms (FindLiveObjects: 0.198908 ms CreateObjectMapping: 0.069213 ms MarkObjects: 1.748476 ms  DeleteObjects: 0.129206 ms)

========================================================================
Received Prepare
Registering precompiled user dll's ...
Registered in 0.001418 seconds.
Begin MonoManager ReloadAssembly
Native extension for WindowsStandalone target not found
Native extension for WebGL target not found
Refreshing native plugins compatible for Editor in 0.39 ms, found 1 plugins.
Preloading 0 native plugins for Editor in 0.00 ms.
Invoked RoslynAnalysisRunner static constructor.
RoslynAnalysisRunner will not be running.
RoslynAnalysisRunner has terminated.
Mono: successfully reloaded assembly
- Completed reload, in  1.300 seconds
Platform modules already initialized, skipping
Refreshing native plugins compatible for Editor in 0.45 ms, found 1 plugins.
Preloading 0 native plugins for Editor in 0.00 ms.
Unloading 1803 Unused Serialized files (Serialized files now loaded: 0)
System memory in use before: 88.8 MB.
System memory in use after: 88.8 MB.

Unloading 12 unused Assets to reduce memory usage. Loaded Objects now: 2468.
Total: 2.270121 ms (FindLiveObjects: 0.207429 ms CreateObjectMapping: 0.066908 ms MarkObjects: 1.852959 ms  DeleteObjects: 0.136470 ms)

AssetImportWorkerClient::OnTransportError - code=2 error=End of file
